<?xml version="1.0" encoding="UTF-8"?>
<!-- Generated by org.testng.reporters.JUnitXMLReporter -->
<testsuite hostname="MONICA" ignored="3" name="Default test" tests="1" failures="0" timestamp="16 Jan 2020 18:54:23 GMT" time="28.823" errors="0">
  <testcase name="verifyReturnStatusForRoundTripTest" time="13.582" classname="com.makemytrip.qa.testcases.FlightsPageTest"/>
  <testcase name="FlightsPageUserNameTest" time="0.0" classname="com.makemytrip.qa.testcases.FlightsPageTest">
    <ignored/>
  </testcase> <!-- FlightsPageUserNameTest -->
  <testcase name="FlightsPageTitleTest" time="0.0" classname="com.makemytrip.qa.testcases.FlightsPageTest">
    <ignored/>
  </testcase> <!-- FlightsPageTitleTest -->
  <testcase name="verifyReturnStatusForOneWayTest" time="0.0" classname="com.makemytrip.qa.testcases.FlightsPageTest">
    <ignored/>
  </testcase> <!-- verifyReturnStatusForOneWayTest -->
</testsuite> <!-- Default test -->
