<?xml version="1.0" encoding="UTF-8"?>
<!-- Generated by org.testng.reporters.JUnitXMLReporter -->
<testsuite hostname="MONICA" ignored="0" name="Makemytrip App Test Cases" tests="6" failures="0" timestamp="16 Jan 2020 19:24:25 GMT" time="124.884" errors="0">
  <testcase name="loginPageTitleTest" time="0.313" classname="com.makemytrip.qa.testcases.LoginPageTest"/>
  <testcase name="FlightsPageTitleTest" time="11.886" classname="com.makemytrip.qa.testcases.FlightsPageTest"/>
  <testcase name="verifyLogoTest" time="0.37" classname="com.makemytrip.qa.testcases.LoginPageTest"/>
  <testcase name="FlightsPageUserNameTest" time="11.675" classname="com.makemytrip.qa.testcases.FlightsPageTest"/>
  <testcase name="loginTest" time="3.576" classname="com.makemytrip.qa.testcases.LoginPageTest"/>
  <testcase name="verifyReturnStatusForOneWayTest" time="10.535" classname="com.makemytrip.qa.testcases.FlightsPageTest"/>
</testsuite> <!-- Makemytrip App Test Cases -->
